<?xml version="1.0" encoding="UTF-8"?>
<robot generator="Robot 6.1.1 (Python 3.11.5 on win32)" generated="20231114 10:49:33.656" rpa="false" schemaversion="4">
<suite id="s1" name="Home" source="C:\Users\saonneto\UdemyAppiumAndRobotFramework-main\UdemyAppiumAndRobotFramework-main\XQAEXPERIENCE\tests\home.robot">
<test id="s1-t1" name="Deve cadastrar um novo dog walker" line="9">
<kw name="Set Variable" library="BuiltIn">
<var>${name}</var>
<arg>Natanael</arg>
<doc>Returns the given values which can then be assigned to a variables.</doc>
<msg timestamp="20231114 10:49:35.836" level="INFO">${name} = Natanael</msg>
<status status="PASS" starttime="20231114 10:49:35.836" endtime="20231114 10:49:35.836"/>
</kw>
<kw name="Set Variable" library="BuiltIn">
<var>${email}</var>
<arg>ngsneto@gmail.com</arg>
<doc>Returns the given values which can then be assigned to a variables.</doc>
<msg timestamp="20231114 10:49:35.836" level="INFO">${email} = ngsneto@gmail.com</msg>
<status status="PASS" starttime="20231114 10:49:35.836" endtime="20231114 10:49:35.836"/>
</kw>
<kw name="Set Variable" library="BuiltIn">
<var>${cpf}</var>
<arg>0726547474</arg>
<doc>Returns the given values which can then be assigned to a variables.</doc>
<msg timestamp="20231114 10:49:35.836" level="INFO">${cpf} = 0726547474</msg>
<status status="PASS" starttime="20231114 10:49:35.836" endtime="20231114 10:49:35.836"/>
</kw>
<kw name="Set Variable" library="BuiltIn">
<var>${cep}</var>
<arg>58070400</arg>
<doc>Returns the given values which can then be assigned to a variables.</doc>
<msg timestamp="20231114 10:49:35.836" level="INFO">${cep} = 58070400</msg>
<status status="PASS" starttime="20231114 10:49:35.836" endtime="20231114 10:49:35.836"/>
</kw>
<kw name="Set Variable" library="BuiltIn">
<var>${numero}</var>
<arg>120</arg>
<doc>Returns the given values which can then be assigned to a variables.</doc>
<msg timestamp="20231114 10:49:35.845" level="INFO">${numero} = 120</msg>
<status status="PASS" starttime="20231114 10:49:35.845" endtime="20231114 10:49:35.845"/>
</kw>
<kw name="Set Variable" library="BuiltIn">
<var>${complemento}</var>
<arg>Apto105</arg>
<doc>Returns the given values which can then be assigned to a variables.</doc>
<msg timestamp="20231114 10:49:35.845" level="INFO">${complemento} = Apto105</msg>
<status status="PASS" starttime="20231114 10:49:35.845" endtime="20231114 10:49:35.845"/>
</kw>
<kw name="Set Variable" library="BuiltIn">
<var>${addressStreet}</var>
<arg>Rua Elias Cavalcanti de Albuquerque</arg>
<doc>Returns the given values which can then be assigned to a variables.</doc>
<msg timestamp="20231114 10:49:35.845" level="INFO">${addressStreet} = Rua Elias Cavalcanti de Albuquerque</msg>
<status status="PASS" starttime="20231114 10:49:35.845" endtime="20231114 10:49:35.845"/>
</kw>
<kw name="Set Variable" library="BuiltIn">
<var>${addressNumber}</var>
<arg>120</arg>
<doc>Returns the given values which can then be assigned to a variables.</doc>
<msg timestamp="20231114 10:49:35.845" level="INFO">${addressNumber} = 120</msg>
<status status="PASS" starttime="20231114 10:49:35.845" endtime="20231114 10:49:35.845"/>
</kw>
<kw name="Set Variable" library="BuiltIn">
<var>${addressDetails}</var>
<arg>105</arg>
<doc>Returns the given values which can then be assigned to a variables.</doc>
<msg timestamp="20231114 10:49:35.845" level="INFO">${addressDetails} = 105</msg>
<status status="PASS" starttime="20231114 10:49:35.845" endtime="20231114 10:49:35.845"/>
</kw>
<kw name="Set Variable" library="BuiltIn">
<var>${addressDistrict}</var>
<arg>Cristo Redentor</arg>
<doc>Returns the given values which can then be assigned to a variables.</doc>
<msg timestamp="20231114 10:49:35.845" level="INFO">${addressDistrict} = Cristo Redentor</msg>
<status status="PASS" starttime="20231114 10:49:35.845" endtime="20231114 10:49:35.845"/>
</kw>
<kw name="Set Variable" library="BuiltIn">
<var>${addressCityUf}</var>
<arg>João Pessoa/PB</arg>
<doc>Returns the given values which can then be assigned to a variables.</doc>
<msg timestamp="20231114 10:49:35.845" level="INFO">${addressCityUf} = João Pessoa/PB</msg>
<status status="PASS" starttime="20231114 10:49:35.845" endtime="20231114 10:49:35.845"/>
</kw>
<kw name="New Browser" library="Browser">
<arg>browser=chromium</arg>
<arg>headless=False</arg>
<tag>BrowserControl</tag>
<tag>Setter</tag>
<doc>Create a new playwright Browser with specified options.</doc>
<msg timestamp="20231114 10:49:35.845" level="INFO">{"browser": "chromium", "headless": false, "chromiumSandbox": false, "devtools": false, "handleSIGHUP": true, "handleSIGINT": true, "handleSIGTERM": true, "slowMo": 0.0, "timeout": 30000.0, "tracesDir": "C:\\Users\\saonneto\\UdemyAppiumAndRobotFramework-main\\UdemyAppiumAndRobotFramework-main\\XQAEXPERIENCE\\tests\\browser\\traces\\70d261dc-4382-4d7d-981a-99fbb9ac348d"}</msg>
<msg timestamp="20231114 10:49:36.935" level="INFO">Successfully created browser with options: {"browser":"chromium","headless":false,"chromiumSandbox":false,"devtools":false,"handleSIGHUP":true,"handleSIGINT":true,"handleSIGTERM":true,"slowMo":0,"timeout":30000,"tracesDir":"C:\\Users\\saonneto\\UdemyAppiumAndRobotFramework-main\\UdemyAppiumAndRobotFramework-main\\XQAEXPERIENCE\\tests\\browser\\traces\\70d261dc-4382-4d7d-981a-99fbb9ac348d"}</msg>
<status status="PASS" starttime="20231114 10:49:35.845" endtime="20231114 10:49:36.935"/>
</kw>
<kw name="New Page" library="Browser">
<arg>https://walkdog.vercel.app/signup</arg>
<tag>BrowserControl</tag>
<tag>Setter</tag>
<doc>Open a new Page.</doc>
<msg timestamp="20231114 10:49:39.288" level="INFO">Successfully initialized new page object and opened url: https://walkdog.vercel.app/signup</msg>
<msg timestamp="20231114 10:49:39.288" level="INFO">No context was open. New context was automatically opened when this page is created.</msg>
<status status="PASS" starttime="20231114 10:49:36.935" endtime="20231114 10:49:39.288"/>
</kw>
<kw name="Wait For Elements State" library="Browser">
<arg>form h1</arg>
<arg>visible</arg>
<arg>5000</arg>
<tag>PageContent</tag>
<tag>Wait</tag>
<doc>Waits for the element found by ``selector`` to satisfy state option.</doc>
<msg timestamp="20231114 10:49:39.324" level="INFO">Waited for Element with selector form h1 at state visible</msg>
<status status="PASS" starttime="20231114 10:49:39.289" endtime="20231114 10:49:39.324"/>
</kw>
<kw name="Get Text" library="Browser">
<arg>form h1</arg>
<arg>equal</arg>
<arg>Faça seu cadastro</arg>
<tag>Assertion</tag>
<tag>Getter</tag>
<tag>PageContent</tag>
<doc>Returns text attribute of the element found by ``selector``.</doc>
<msg timestamp="20231114 10:49:39.360" level="INFO">Text: 'Faça seu cadastro'</msg>
<status status="PASS" starttime="20231114 10:49:39.326" endtime="20231114 10:49:39.360"/>
</kw>
<kw name="Fill Text" library="Browser">
<arg>css=input[name=name]</arg>
<arg>${name}</arg>
<tag>PageContent</tag>
<tag>Setter</tag>
<doc>Clears and fills the given ``txt`` into the text field found by ``selector``.</doc>
<msg timestamp="20231114 10:49:39.361" level="INFO">Fills the text 'Natanael' in the given field.</msg>
<status status="PASS" starttime="20231114 10:49:39.361" endtime="20231114 10:49:39.392"/>
</kw>
<kw name="Fill Text" library="Browser">
<arg>css=input[name=email]</arg>
<arg>${email}</arg>
<tag>PageContent</tag>
<tag>Setter</tag>
<doc>Clears and fills the given ``txt`` into the text field found by ``selector``.</doc>
<msg timestamp="20231114 10:49:39.396" level="INFO">Fills the text 'ngsneto@gmail.com' in the given field.</msg>
<status status="PASS" starttime="20231114 10:49:39.396" endtime="20231114 10:49:39.426"/>
</kw>
<kw name="Fill Text" library="Browser">
<arg>css=input[name=cpf]</arg>
<arg>${cpf}</arg>
<tag>PageContent</tag>
<tag>Setter</tag>
<doc>Clears and fills the given ``txt`` into the text field found by ``selector``.</doc>
<msg timestamp="20231114 10:49:39.427" level="INFO">Fills the text '0726547474' in the given field.</msg>
<status status="PASS" starttime="20231114 10:49:39.427" endtime="20231114 10:49:39.448"/>
</kw>
<kw name="Fill Text" library="Browser">
<arg>css=input[name=cep]</arg>
<arg>${cep}</arg>
<tag>PageContent</tag>
<tag>Setter</tag>
<doc>Clears and fills the given ``txt`` into the text field found by ``selector``.</doc>
<msg timestamp="20231114 10:49:39.448" level="INFO">Fills the text '58070400' in the given field.</msg>
<status status="PASS" starttime="20231114 10:49:39.448" endtime="20231114 10:49:39.478"/>
</kw>
<kw name="Click" library="Browser">
<arg>css=input[type=button][value$=CEP]</arg>
<tag>PageContent</tag>
<tag>Setter</tag>
<doc>Simulates mouse click on the element found by ``selector``.</doc>
<status status="PASS" starttime="20231114 10:49:39.480" endtime="20231114 10:49:39.538"/>
</kw>
<kw name="Fill Text" library="Browser">
<arg>css=input[name=addressNumber]</arg>
<arg>${numero}</arg>
<tag>PageContent</tag>
<tag>Setter</tag>
<doc>Clears and fills the given ``txt`` into the text field found by ``selector``.</doc>
<msg timestamp="20231114 10:49:39.539" level="INFO">Fills the text '120' in the given field.</msg>
<status status="PASS" starttime="20231114 10:49:39.539" endtime="20231114 10:49:39.569"/>
</kw>
<kw name="Fill Text" library="Browser">
<arg>css=input[name=addressDetails]</arg>
<arg>${complemento}</arg>
<tag>PageContent</tag>
<tag>Setter</tag>
<doc>Clears and fills the given ``txt`` into the text field found by ``selector``.</doc>
<msg timestamp="20231114 10:49:39.570" level="INFO">Fills the text 'Apto105' in the given field.</msg>
<status status="PASS" starttime="20231114 10:49:39.570" endtime="20231114 10:49:39.595"/>
</kw>
<kw name="Upload File By Selector" library="Browser">
<arg>css=input[type=file]</arg>
<arg>${EXECDIR}/i.jpg</arg>
<tag>PageContent</tag>
<tag>Setter</tag>
<doc>Uploads file from `path` to file input element matched by selector.</doc>
<msg timestamp="20231114 10:49:39.597" level="FAIL">ValueError: Nonexistent input file path 'C:\Users\saonneto\UdemyAppiumAndRobotFramework-main\UdemyAppiumAndRobotFramework-main\XQAEXPERIENCE\tests\i.jpg'</msg>
<status status="FAIL" starttime="20231114 10:49:39.595" endtime="20231114 10:49:39.605"/>
</kw>
<kw name="Take Screenshot" library="Screenshot">
<arg>${EXECDIR}/logs</arg>
<doc>Takes a screenshot in JPEG format and embeds it into the log file.</doc>
<status status="NOT RUN" starttime="20231114 10:49:39.606" endtime="20231114 10:49:39.606"/>
</kw>
<kw name="Sleep" library="BuiltIn">
<arg>60</arg>
<doc>Pauses the test executed for the given time.</doc>
<status status="NOT RUN" starttime="20231114 10:49:39.606" endtime="20231114 10:49:39.606"/>
</kw>
<status status="FAIL" starttime="20231114 10:49:35.828" endtime="20231114 10:49:39.607">ValueError: Nonexistent input file path 'C:\Users\saonneto\UdemyAppiumAndRobotFramework-main\UdemyAppiumAndRobotFramework-main\XQAEXPERIENCE\tests\i.jpg'</status>
</test>
<doc>Suite de testes do home page</doc>
<status status="FAIL" starttime="20231114 10:49:33.664" endtime="20231114 10:49:39.725"/>
</suite>
<statistics>
<total>
<stat pass="0" fail="1" skip="0">All Tests</stat>
</total>
<tag>
</tag>
<suite>
<stat pass="0" fail="1" skip="0" id="s1" name="Home">Home</stat>
</suite>
</statistics>
<errors>
</errors>
</robot>
