<?xml version="1.0" encoding="UTF-8"?>
<robot generator="Robot 6.1.1 (Python 3.11.5 on win32)" generated="20231116 13:15:22.841" rpa="false" schemaversion="4">
<suite id="s1" name="XQAEXPERIENCE" source="C:\Users\saonneto\Desktop\UdemyAppiumAndRobotFramework-main\XQAEXPERIENCE">
<suite id="s1-s1" name="Tests" source="C:\Users\saonneto\Desktop\UdemyAppiumAndRobotFramework-main\XQAEXPERIENCE\tests">
<suite id="s1-s1-s1" name="homeEncapsulamento" source="C:\Users\saonneto\Desktop\UdemyAppiumAndRobotFramework-main\XQAEXPERIENCE\tests\homeEncapsulamento.robot">
<test id="s1-s1-s1-t1" name="Deve cadastrar um novo dog walker" line="6">
<kw name="Set Variable" library="BuiltIn">
<var>${name}</var>
<arg>Natanael</arg>
<doc>Returns the given values which can then be assigned to a variables.</doc>
<msg timestamp="20231116 13:15:23.919" level="INFO">${name} = Natanael</msg>
<status status="PASS" starttime="20231116 13:15:23.919" endtime="20231116 13:15:23.919"/>
</kw>
<kw name="Set Variable" library="BuiltIn">
<var>${email}</var>
<arg>ngsneto@gmail.com</arg>
<doc>Returns the given values which can then be assigned to a variables.</doc>
<msg timestamp="20231116 13:15:23.919" level="INFO">${email} = ngsneto@gmail.com</msg>
<status status="PASS" starttime="20231116 13:15:23.919" endtime="20231116 13:15:23.919"/>
</kw>
<kw name="Set Variable" library="BuiltIn">
<var>${cpf}</var>
<arg>0726547474</arg>
<doc>Returns the given values which can then be assigned to a variables.</doc>
<msg timestamp="20231116 13:15:23.919" level="INFO">${cpf} = 0726547474</msg>
<status status="PASS" starttime="20231116 13:15:23.919" endtime="20231116 13:15:23.919"/>
</kw>
<kw name="Set Variable" library="BuiltIn">
<var>${cep}</var>
<arg>58070400</arg>
<doc>Returns the given values which can then be assigned to a variables.</doc>
<msg timestamp="20231116 13:15:23.919" level="INFO">${cep} = 58070400</msg>
<status status="PASS" starttime="20231116 13:15:23.919" endtime="20231116 13:15:23.919"/>
</kw>
<kw name="Set Variable" library="BuiltIn">
<var>${numero}</var>
<arg>120</arg>
<doc>Returns the given values which can then be assigned to a variables.</doc>
<msg timestamp="20231116 13:15:23.919" level="INFO">${numero} = 120</msg>
<status status="PASS" starttime="20231116 13:15:23.919" endtime="20231116 13:15:23.919"/>
</kw>
<kw name="Set Variable" library="BuiltIn">
<var>${complemento}</var>
<arg>Apto105</arg>
<doc>Returns the given values which can then be assigned to a variables.</doc>
<msg timestamp="20231116 13:15:23.919" level="INFO">${complemento} = Apto105</msg>
<status status="PASS" starttime="20231116 13:15:23.919" endtime="20231116 13:15:23.919"/>
</kw>
<kw name="Set Variable" library="BuiltIn">
<var>${addressStreet}</var>
<arg>Rua Elias Cavalcanti de Albuquerque</arg>
<doc>Returns the given values which can then be assigned to a variables.</doc>
<msg timestamp="20231116 13:15:23.919" level="INFO">${addressStreet} = Rua Elias Cavalcanti de Albuquerque</msg>
<status status="PASS" starttime="20231116 13:15:23.919" endtime="20231116 13:15:23.934"/>
</kw>
<kw name="Set Variable" library="BuiltIn">
<var>${addressNumber}</var>
<arg>120</arg>
<doc>Returns the given values which can then be assigned to a variables.</doc>
<msg timestamp="20231116 13:15:23.934" level="INFO">${addressNumber} = 120</msg>
<status status="PASS" starttime="20231116 13:15:23.934" endtime="20231116 13:15:23.936"/>
</kw>
<kw name="Set Variable" library="BuiltIn">
<var>${addressDetails}</var>
<arg>105</arg>
<doc>Returns the given values which can then be assigned to a variables.</doc>
<msg timestamp="20231116 13:15:23.937" level="INFO">${addressDetails} = 105</msg>
<status status="PASS" starttime="20231116 13:15:23.937" endtime="20231116 13:15:23.937"/>
</kw>
<kw name="Set Variable" library="BuiltIn">
<var>${addressDistrict}</var>
<arg>Cristo Redentor</arg>
<doc>Returns the given values which can then be assigned to a variables.</doc>
<msg timestamp="20231116 13:15:23.939" level="INFO">${addressDistrict} = Cristo Redentor</msg>
<status status="PASS" starttime="20231116 13:15:23.938" endtime="20231116 13:15:23.939"/>
</kw>
<kw name="Set Variable" library="BuiltIn">
<var>${addressCityUf}</var>
<arg>João Pessoa/PB</arg>
<doc>Returns the given values which can then be assigned to a variables.</doc>
<msg timestamp="20231116 13:15:23.940" level="INFO">${addressCityUf} = João Pessoa/PB</msg>
<status status="PASS" starttime="20231116 13:15:23.939" endtime="20231116 13:15:23.940"/>
</kw>
<kw name="Set Variable" library="BuiltIn">
<var>${url}</var>
<arg>i.jpg</arg>
<doc>Returns the given values which can then be assigned to a variables.</doc>
<msg timestamp="20231116 13:15:23.941" level="INFO">${url} = i.jpg</msg>
<status status="PASS" starttime="20231116 13:15:23.941" endtime="20231116 13:15:23.941"/>
</kw>
<kw name="inicia" library="Cap">
<kw name="New Browser" library="Browser">
<arg>browser=chromium</arg>
<arg>headless=False</arg>
<tag>BrowserControl</tag>
<tag>Setter</tag>
<doc>Create a new playwright Browser with specified options.</doc>
<msg timestamp="20231116 13:15:23.941" level="INFO">{"browser": "chromium", "headless": false, "chromiumSandbox": false, "devtools": false, "handleSIGHUP": true, "handleSIGINT": true, "handleSIGTERM": true, "slowMo": 0.0, "timeout": 30000.0, "tracesDir": "C:\\Users\\saonneto\\Desktop\\UdemyAppiumAndRobotFramework-main\\XQAEXPERIENCE\\results\\browser\\traces\\7148b9b9-3823-4ab6-a22f-00b51a0f0fd3"}</msg>
<msg timestamp="20231116 13:15:24.605" level="INFO">Successfully created browser with options: {"browser":"chromium","headless":false,"chromiumSandbox":false,"devtools":false,"handleSIGHUP":true,"handleSIGINT":true,"handleSIGTERM":true,"slowMo":0,"timeout":30000,"tracesDir":"C:\\Users\\saonneto\\Desktop\\UdemyAppiumAndRobotFramework-main\\XQAEXPERIENCE\\results\\browser\\traces\\7148b9b9-3823-4ab6-a22f-00b51a0f0fd3"}</msg>
<status status="PASS" starttime="20231116 13:15:23.941" endtime="20231116 13:15:24.605"/>
</kw>
<kw name="New Page" library="Browser">
<arg>https://walkdog.vercel.app/signup</arg>
<tag>BrowserControl</tag>
<tag>Setter</tag>
<doc>Open a new Page.</doc>
<msg timestamp="20231116 13:15:31.030" level="INFO">Successfully initialized new page object and opened url: https://walkdog.vercel.app/signup</msg>
<msg timestamp="20231116 13:15:31.030" level="INFO">No context was open. New context was automatically opened when this page is created.</msg>
<status status="PASS" starttime="20231116 13:15:24.605" endtime="20231116 13:15:31.031"/>
</kw>
<kw name="Wait For Elements State" library="Browser">
<arg>form h1</arg>
<arg>visible</arg>
<arg>5000</arg>
<tag>PageContent</tag>
<tag>Wait</tag>
<doc>Waits for the element found by ``selector`` to satisfy state option.</doc>
<msg timestamp="20231116 13:15:31.078" level="INFO">Waited for Element with selector form h1 at state visible</msg>
<status status="PASS" starttime="20231116 13:15:31.032" endtime="20231116 13:15:31.078"/>
</kw>
<status status="PASS" starttime="20231116 13:15:23.941" endtime="20231116 13:15:31.078"/>
</kw>
<kw name="Get Text" library="Browser">
<arg>form h1</arg>
<arg>equal</arg>
<arg>Faça seu cadastro</arg>
<arg>5000</arg>
<tag>Assertion</tag>
<tag>Getter</tag>
<tag>PageContent</tag>
<doc>Returns text attribute of the element found by ``selector``.</doc>
<msg timestamp="20231116 13:15:31.124" level="INFO">Text: 'Faça seu cadastro'</msg>
<status status="PASS" starttime="20231116 13:15:31.080" endtime="20231116 13:15:31.124"/>
</kw>
<kw name="fillform">
<arg>${name}</arg>
<arg>${email}</arg>
<arg>${cpf}</arg>
<arg>${cep}</arg>
<arg>${numero}</arg>
<arg>${complemento}</arg>
<arg>${addressNumber}</arg>
<arg>${addressDetails}</arg>
<arg>${url}</arg>
<kw name="Fill Text" library="Browser">
<arg>css=input[name=name]</arg>
<arg>${name}</arg>
<tag>PageContent</tag>
<tag>Setter</tag>
<doc>Clears and fills the given ``txt`` into the text field found by ``selector``.</doc>
<msg timestamp="20231116 13:15:31.127" level="INFO">Fills the text 'Natanael' in the given field.</msg>
<status status="PASS" starttime="20231116 13:15:31.126" endtime="20231116 13:15:31.168"/>
</kw>
<kw name="Fill Text" library="Browser">
<arg>css=input[name=email]</arg>
<arg>${email}</arg>
<tag>PageContent</tag>
<tag>Setter</tag>
<doc>Clears and fills the given ``txt`` into the text field found by ``selector``.</doc>
<msg timestamp="20231116 13:15:31.170" level="INFO">Fills the text 'ngsneto@gmail.com' in the given field.</msg>
<status status="PASS" starttime="20231116 13:15:31.169" endtime="20231116 13:15:31.207"/>
</kw>
<kw name="Fill Text" library="Browser">
<arg>css=input[name=cpf]</arg>
<arg>${cpf}</arg>
<tag>PageContent</tag>
<tag>Setter</tag>
<doc>Clears and fills the given ``txt`` into the text field found by ``selector``.</doc>
<msg timestamp="20231116 13:15:31.207" level="INFO">Fills the text '0726547474' in the given field.</msg>
<status status="PASS" starttime="20231116 13:15:31.207" endtime="20231116 13:15:31.243"/>
</kw>
<kw name="Fill Text" library="Browser">
<arg>css=input[name=cep]</arg>
<arg>${cep}</arg>
<tag>PageContent</tag>
<tag>Setter</tag>
<doc>Clears and fills the given ``txt`` into the text field found by ``selector``.</doc>
<msg timestamp="20231116 13:15:31.243" level="INFO">Fills the text '58070400' in the given field.</msg>
<status status="PASS" starttime="20231116 13:15:31.243" endtime="20231116 13:15:31.271"/>
</kw>
<kw name="Click" library="Browser">
<arg>css=input[type=button][value$=CEP]</arg>
<tag>PageContent</tag>
<tag>Setter</tag>
<doc>Simulates mouse click on the element found by ``selector``.</doc>
<status status="PASS" starttime="20231116 13:15:31.271" endtime="20231116 13:15:31.324"/>
</kw>
<kw name="Fill Text" library="Browser">
<arg>css=input[name=addressNumber]</arg>
<arg>${numero}</arg>
<tag>PageContent</tag>
<tag>Setter</tag>
<doc>Clears and fills the given ``txt`` into the text field found by ``selector``.</doc>
<msg timestamp="20231116 13:15:31.324" level="INFO">Fills the text '120' in the given field.</msg>
<status status="PASS" starttime="20231116 13:15:31.324" endtime="20231116 13:15:31.355"/>
</kw>
<kw name="Fill Text" library="Browser">
<arg>css=input[name=addressDetails]</arg>
<arg>${complemento}</arg>
<tag>PageContent</tag>
<tag>Setter</tag>
<doc>Clears and fills the given ``txt`` into the text field found by ``selector``.</doc>
<msg timestamp="20231116 13:15:31.355" level="INFO">Fills the text 'Apto105' in the given field.</msg>
<status status="PASS" starttime="20231116 13:15:31.355" endtime="20231116 13:15:31.381"/>
</kw>
<kw name="Upload File By Selector" library="Browser">
<arg>css=input[type=file]</arg>
<arg>${EXECDIR}/${url}</arg>
<tag>PageContent</tag>
<tag>Setter</tag>
<doc>Uploads file from `path` to file input element matched by selector.</doc>
<status status="PASS" starttime="20231116 13:15:31.381" endtime="20231116 13:15:31.416"/>
</kw>
<kw name="Click" library="Browser">
<arg>css=.button-register</arg>
<tag>PageContent</tag>
<tag>Setter</tag>
<doc>Simulates mouse click on the element found by ``selector``.</doc>
<status status="PASS" starttime="20231116 13:15:31.416" endtime="20231116 13:15:31.470"/>
</kw>
<kw name="ScreenshotLogin" library="Cap">
<kw name="Take Screenshot" library="Screenshot">
<arg>${EXECDIR}/logs/cap</arg>
<doc>Takes a screenshot in JPEG format and embeds it into the log file.</doc>
<msg timestamp="20231116 13:15:31.546" level="INFO" html="true">&lt;a href="../logs/cap_3.jpg"&gt;&lt;img src="../logs/cap_3.jpg" width="800px"&gt;&lt;/a&gt;</msg>
<status status="PASS" starttime="20231116 13:15:31.470" endtime="20231116 13:15:31.546"/>
</kw>
<status status="PASS" starttime="20231116 13:15:31.470" endtime="20231116 13:15:31.546"/>
</kw>
<kw name="Sleep" library="BuiltIn">
<arg>60</arg>
<doc>Pauses the test executed for the given time.</doc>
<msg timestamp="20231116 13:16:31.548" level="INFO">Slept 1 minute</msg>
<status status="PASS" starttime="20231116 13:15:31.546" endtime="20231116 13:16:31.548"/>
</kw>
<status status="PASS" starttime="20231116 13:15:31.125" endtime="20231116 13:16:31.548"/>
</kw>
<status status="PASS" starttime="20231116 13:15:23.919" endtime="20231116 13:16:31.548"/>
</test>
<doc>Suite de testes do home page</doc>
<status status="PASS" starttime="20231116 13:15:22.873" endtime="20231116 13:16:31.649"/>
</suite>
<status status="PASS" starttime="20231116 13:15:22.868" endtime="20231116 13:16:31.659"/>
</suite>
<status status="PASS" starttime="20231116 13:15:22.841" endtime="20231116 13:16:31.664"/>
</suite>
<statistics>
<total>
<stat pass="1" fail="0" skip="0">All Tests</stat>
</total>
<tag>
</tag>
<suite>
<stat pass="1" fail="0" skip="0" id="s1" name="XQAEXPERIENCE">XQAEXPERIENCE</stat>
<stat pass="1" fail="0" skip="0" id="s1-s1" name="Tests">XQAEXPERIENCE.Tests</stat>
<stat pass="1" fail="0" skip="0" id="s1-s1-s1" name="homeEncapsulamento">XQAEXPERIENCE.Tests.homeEncapsulamento</stat>
</suite>
</statistics>
<errors>
</errors>
</robot>
